::1 - - [27/May/2016:08:37:24 +0000] "GET / HTTP/1.1" 304 - "-" "Mozilla/5.0 (Windows NT 6.1; rv:46.0) Gecko/20100101 Firefox/46.0"
::1 - - [27/May/2016:11:33:39 +0000] "GET / HTTP/1.1" 200 4036 "-" "Mozilla/5.0 (Windows NT 6.1; rv:46.0) Gecko/20100101 Firefox/46.0"
::1 - - [27/May/2016:11:33:52 +0000] "GET / HTTP/1.1" 304 - "-" "Mozilla/5.0 (Windows NT 6.1; rv:46.0) Gecko/20100101 Firefox/46.0"
::1 - - [27/May/2016:13:17:17 +0000] "GET / HTTP/1.1" 304 - "-" "Mozilla/5.0 (Windows NT 6.1; rv:46.0) Gecko/20100101 Firefox/46.0"
::1 - - [27/May/2016:13:17:23 +0000] "GET / HTTP/1.1" 304 - "-" "Mozilla/5.0 (Windows NT 6.1; rv:46.0) Gecko/20100101 Firefox/46.0"
::1 - - [27/May/2016:13:17:49 +0000] "GET / HTTP/1.1" 304 - "-" "Mozilla/5.0 (Windows NT 6.1; rv:46.0) Gecko/20100101 Firefox/46.0"
::1 - - [27/May/2016:13:21:02 +0000] "GET / HTTP/1.1" 304 - "-" "Mozilla/5.0 (Windows NT 6.1; rv:46.0) Gecko/20100101 Firefox/46.0"
::1 - - [27/May/2016:13:35:53 +0000] "GET / HTTP/1.1" 304 - "-" "Mozilla/5.0 (Windows NT 6.1; rv:46.0) Gecko/20100101 Firefox/46.0"
::1 - - [27/May/2016:13:36:01 +0000] "GET / HTTP/1.1" 304 - "-" "Mozilla/5.0 (Windows NT 6.1; rv:46.0) Gecko/20100101 Firefox/46.0"
::1 - - [27/May/2016:13:36:02 +0000] "GET / HTTP/1.1" 304 - "http://localhost:8000/" "Mozilla/5.0 (Windows NT 6.1; rv:46.0) Gecko/20100101 Firefox/46.0"
::1 - - [27/May/2016:13:36:04 +0000] "GET /about HTTP/1.1" 200 3815 "http://localhost:8000/" "Mozilla/5.0 (Windows NT 6.1; rv:46.0) Gecko/20100101 Firefox/46.0"
::1 - - [27/May/2016:13:36:06 +0000] "GET / HTTP/1.1" 304 - "http://localhost:8000/about" "Mozilla/5.0 (Windows NT 6.1; rv:46.0) Gecko/20100101 Firefox/46.0"
::1 - - [27/May/2016:13:38:04 +0000] "GET / HTTP/1.1" 304 - "http://localhost:8000/about" "Mozilla/5.0 (Windows NT 6.1; rv:46.0) Gecko/20100101 Firefox/46.0"
::1 - - [27/May/2016:13:40:22 +0000] "GET / HTTP/1.1" 304 - "http://localhost:8000/about" "Mozilla/5.0 (Windows NT 6.1; rv:46.0) Gecko/20100101 Firefox/46.0"
::1 - - [28/May/2016:09:01:35 +0000] "GET / HTTP/1.1" 200 4036 "-" "Mozilla/5.0 (Windows NT 6.1; rv:46.0) Gecko/20100101 Firefox/46.0"
::1 - - [28/May/2016:09:55:13 +0000] "GET /about HTTP/1.1" 500 1123 "http://localhost:8000/" "Mozilla/5.0 (Windows NT 6.1; rv:46.0) Gecko/20100101 Firefox/46.0"
::1 - - [28/May/2016:09:55:49 +0000] "GET /about HTTP/1.1" 200 3827 "http://localhost:8000/" "Mozilla/5.0 (Windows NT 6.1; rv:46.0) Gecko/20100101 Firefox/46.0"
::1 - - [28/May/2016:09:56:51 +0000] "GET /about HTTP/1.1" 304 - "http://localhost:8000/" "Mozilla/5.0 (Windows NT 6.1; rv:46.0) Gecko/20100101 Firefox/46.0"
::1 - - [28/May/2016:09:57:11 +0000] "GET /about HTTP/1.1" 304 - "http://localhost:8000/" "Mozilla/5.0 (Windows NT 6.1; rv:46.0) Gecko/20100101 Firefox/46.0"
::1 - - [28/May/2016:09:57:19 +0000] "GET /about HTTP/1.1" 304 - "http://localhost:8000/" "Mozilla/5.0 (Windows NT 6.1; rv:46.0) Gecko/20100101 Firefox/46.0"
::1 - - [28/May/2016:10:02:54 +0000] "GET /about HTTP/1.1" 200 3837 "http://localhost:8000/" "Mozilla/5.0 (Windows NT 6.1; rv:46.0) Gecko/20100101 Firefox/46.0"
::1 - - [28/May/2016:10:03:13 +0000] "GET /about HTTP/1.1" 200 3822 "http://localhost:8000/" "Mozilla/5.0 (Windows NT 6.1; rv:46.0) Gecko/20100101 Firefox/46.0"
::1 - - [28/May/2016:10:03:34 +0000] "GET /about HTTP/1.1" 200 3837 "http://localhost:8000/" "Mozilla/5.0 (Windows NT 6.1; rv:46.0) Gecko/20100101 Firefox/46.0"
::1 - - [28/May/2016:10:03:50 +0000] "GET /about HTTP/1.1" 304 - "http://localhost:8000/" "Mozilla/5.0 (Windows NT 6.1; rv:46.0) Gecko/20100101 Firefox/46.0"
::1 - - [28/May/2016:10:03:57 +0000] "GET /about HTTP/1.1" 304 - "http://localhost:8000/" "Mozilla/5.0 (Windows NT 6.1; rv:46.0) Gecko/20100101 Firefox/46.0"
::1 - - [30/May/2016:06:52:00 +0000] "GET / HTTP/1.1" 200 4036 "-" "Mozilla/5.0 (Windows NT 6.1; rv:46.0) Gecko/20100101 Firefox/46.0"
::1 - - [30/May/2016:06:52:12 +0000] "GET /about HTTP/1.1" 200 3822 "http://localhost:8000/" "Mozilla/5.0 (Windows NT 6.1; rv:46.0) Gecko/20100101 Firefox/46.0"
::1 - - [30/May/2016:09:29:56 +0000] "GET /about HTTP/1.1" 500 1671 "http://localhost:8000/" "Mozilla/5.0 (Windows NT 6.1; rv:46.0) Gecko/20100101 Firefox/46.0"
::1 - - [30/May/2016:09:31:44 +0000] "GET /about HTTP/1.1" 500 1671 "http://localhost:8000/" "Mozilla/5.0 (Windows NT 6.1; rv:46.0) Gecko/20100101 Firefox/46.0"
::1 - - [30/May/2016:09:32:26 +0000] "GET /about HTTP/1.1" 200 4181 "http://localhost:8000/" "Mozilla/5.0 (Windows NT 6.1; rv:46.0) Gecko/20100101 Firefox/46.0"
::1 - - [30/May/2016:09:37:40 +0000] "GET /about HTTP/1.1" 500 2163 "http://localhost:8000/" "Mozilla/5.0 (Windows NT 6.1; rv:46.0) Gecko/20100101 Firefox/46.0"
::1 - - [30/May/2016:09:38:02 +0000] "GET /about HTTP/1.1" 500 2163 "http://localhost:8000/" "Mozilla/5.0 (Windows NT 6.1; rv:46.0) Gecko/20100101 Firefox/46.0"
::1 - - [30/May/2016:09:38:09 +0000] "GET /about HTTP/1.1" 200 3977 "http://localhost:8000/" "Mozilla/5.0 (Windows NT 6.1; rv:46.0) Gecko/20100101 Firefox/46.0"
::1 - - [30/May/2016:09:38:54 +0000] "GET /about HTTP/1.1" 200 3869 "http://localhost:8000/" "Mozilla/5.0 (Windows NT 6.1; rv:46.0) Gecko/20100101 Firefox/46.0"
::1 - - [30/May/2016:09:38:55 +0000] "GET / HTTP/1.1" 200 4080 "http://localhost:8000/about" "Mozilla/5.0 (Windows NT 6.1; rv:46.0) Gecko/20100101 Firefox/46.0"
::1 - - [30/May/2016:09:39:38 +0000] "GET / HTTP/1.1" 200 4084 "http://localhost:8000/about" "Mozilla/5.0 (Windows NT 6.1; rv:46.0) Gecko/20100101 Firefox/46.0"
::1 - - [30/May/2016:09:40:55 +0000] "GET /blog HTTP/1.1" - - "http://localhost:8000/" "Mozilla/5.0 (Windows NT 6.1; rv:46.0) Gecko/20100101 Firefox/46.0"
::1 - - [30/May/2016:09:40:55 +0000] "GET / HTTP/1.1" 304 - "-" "Mozilla/5.0 (Windows NT 6.1; rv:46.0) Gecko/20100101 Firefox/46.0"
::1 - - [30/May/2016:09:41:07 +0000] "GET /blog HTTP/1.1" 200 3650 "http://localhost:8000/" "Mozilla/5.0 (Windows NT 6.1; rv:46.0) Gecko/20100101 Firefox/46.0"
::1 - - [30/May/2016:09:44:34 +0000] "GET /blog HTTP/1.1" 200 3647 "http://localhost:8000/" "Mozilla/5.0 (Windows NT 6.1; rv:46.0) Gecko/20100101 Firefox/46.0"
::1 - - [30/May/2016:09:45:48 +0000] "GET /blog HTTP/1.1" 200 3677 "http://localhost:8000/" "Mozilla/5.0 (Windows NT 6.1; rv:46.0) Gecko/20100101 Firefox/46.0"
::1 - - [30/May/2016:09:50:26 +0000] "GET /blog HTTP/1.1" 200 3754 "http://localhost:8000/" "Mozilla/5.0 (Windows NT 6.1; rv:46.0) Gecko/20100101 Firefox/46.0"
::1 - - [30/May/2016:09:50:54 +0000] "GET /blog HTTP/1.1" 200 3772 "http://localhost:8000/" "Mozilla/5.0 (Windows NT 6.1; rv:46.0) Gecko/20100101 Firefox/46.0"
::1 - - [30/May/2016:09:51:07 +0000] "GET /blog HTTP/1.1" 200 3761 "http://localhost:8000/" "Mozilla/5.0 (Windows NT 6.1; rv:46.0) Gecko/20100101 Firefox/46.0"
::1 - - [30/May/2016:09:52:53 +0000] "GET /blog HTTP/1.1" 304 - "http://localhost:8000/" "Mozilla/5.0 (Windows NT 6.1; rv:46.0) Gecko/20100101 Firefox/46.0"
::1 - - [30/May/2016:10:09:11 +0000] "GET /blog HTTP/1.1" - - "http://localhost:8000/" "Mozilla/5.0 (Windows NT 6.1; rv:46.0) Gecko/20100101 Firefox/46.0"
::1 - - [30/May/2016:10:10:52 +0000] "GET /blog HTTP/1.1" 200 3760 "-" "Mozilla/5.0 (Windows NT 6.1; rv:46.0) Gecko/20100101 Firefox/46.0"
::1 - - [30/May/2016:10:10:58 +0000] "GET /blog HTTP/1.1" 304 - "-" "Mozilla/5.0 (Windows NT 6.1; rv:46.0) Gecko/20100101 Firefox/46.0"
::1 - - [30/May/2016:10:11:01 +0000] "GET /blog HTTP/1.1" 304 - "-" "Mozilla/5.0 (Windows NT 6.1; rv:46.0) Gecko/20100101 Firefox/46.0"
::1 - - [30/May/2016:11:49:58 +0000] "GET / HTTP/1.1" 304 - "-" "Mozilla/5.0 (Windows NT 6.1; rv:46.0) Gecko/20100101 Firefox/46.0"
::1 - - [30/May/2016:12:24:34 +0000] "GET / HTTP/1.1" 200 4084 "-" "Mozilla/5.0 (Windows NT 6.1; rv:46.0) Gecko/20100101 Firefox/46.0"
::1 - - [30/May/2016:12:27:41 +0000] "GET /blog HTTP/1.1" 200 3760 "http://localhost:8000/" "Mozilla/5.0 (Windows NT 6.1; rv:46.0) Gecko/20100101 Firefox/46.0"
::1 - - [30/May/2016:12:33:12 +0000] "GET /blog HTTP/1.1" 304 - "http://localhost:8000/" "Mozilla/5.0 (Windows NT 6.1; rv:46.0) Gecko/20100101 Firefox/46.0"
::1 - - [30/May/2016:12:33:17 +0000] "GET /blog/add HTTP/1.1" 200 6370 "http://localhost:8000/blog" "Mozilla/5.0 (Windows NT 6.1; rv:46.0) Gecko/20100101 Firefox/46.0"
::1 - - [30/May/2016:12:33:17 +0000] "GET /blog/static/assets/favicon.png HTTP/1.1" 404 43 "-" "Mozilla/5.0 (Windows NT 6.1; rv:46.0) Gecko/20100101 Firefox/46.0"
::1 - - [30/May/2016:12:33:17 +0000] "GET /blog/static/assets/favicon.png HTTP/1.1" 404 43 "-" "Mozilla/5.0 (Windows NT 6.1; rv:46.0) Gecko/20100101 Firefox/46.0"
::1 - - [30/May/2016:12:33:42 +0000] "GET /blog/add HTTP/1.1" 200 6380 "http://localhost:8000/blog" "Mozilla/5.0 (Windows NT 6.1; rv:46.0) Gecko/20100101 Firefox/46.0"
::1 - - [30/May/2016:12:33:50 +0000] "GET /about HTTP/1.1" 200 3873 "http://localhost:8000/blog/add" "Mozilla/5.0 (Windows NT 6.1; rv:46.0) Gecko/20100101 Firefox/46.0"
::1 - - [30/May/2016:12:33:53 +0000] "GET /static/assets/js/jquery-1.10.2.min.map HTTP/1.1" 404 51 "-" "Mozilla/5.0 (Windows NT 6.1; rv:46.0) Gecko/20100101 Firefox/46.0"
::1 - - [30/May/2016:12:34:03 +0000] "GET /blog HTTP/1.1" 304 - "http://localhost:8000/about" "Mozilla/5.0 (Windows NT 6.1; rv:46.0) Gecko/20100101 Firefox/46.0"
::1 - - [30/May/2016:12:34:05 +0000] "GET /static/assets/js/jquery-1.10.2.min.map HTTP/1.1" 404 51 "-" "Mozilla/5.0 (Windows NT 6.1; rv:46.0) Gecko/20100101 Firefox/46.0"
::1 - - [30/May/2016:12:34:09 +0000] "GET /blog/add HTTP/1.1" 304 - "http://localhost:8000/blog" "Mozilla/5.0 (Windows NT 6.1; rv:46.0) Gecko/20100101 Firefox/46.0"
::1 - - [30/May/2016:12:34:13 +0000] "GET /static/assets/js/jquery-1.10.2.min.map HTTP/1.1" 404 51 "-" "Mozilla/5.0 (Windows NT 6.1; rv:46.0) Gecko/20100101 Firefox/46.0"
::1 - - [30/May/2016:12:35:14 +0000] "GET /blog/add HTTP/1.1" 304 - "http://localhost:8000/blog" "Mozilla/5.0 (Windows NT 6.1; rv:46.0) Gecko/20100101 Firefox/46.0"
::1 - - [30/May/2016:12:35:14 +0000] "GET /static/assets/js/jquery-1.10.2.min.map HTTP/1.1" 404 51 "-" "Mozilla/5.0 (Windows NT 6.1; rv:46.0) Gecko/20100101 Firefox/46.0"
::1 - - [30/May/2016:12:35:36 +0000] "GET /blog/add HTTP/1.1" 200 6380 "http://localhost:8000/blog" "Mozilla/5.0 (Windows NT 6.1; rv:46.0) Gecko/20100101 Firefox/46.0"
::1 - - [30/May/2016:12:35:46 +0000] "GET /blog/add HTTP/1.1" 200 6381 "http://localhost:8000/blog" "Mozilla/5.0 (Windows NT 6.1; rv:46.0) Gecko/20100101 Firefox/46.0"
::1 - - [30/May/2016:12:44:56 +0000] "GET /blog/add HTTP/1.1" 200 6232 "http://localhost:8000/blog" "Mozilla/5.0 (Windows NT 6.1; rv:46.0) Gecko/20100101 Firefox/46.0"
::1 - - [30/May/2016:12:48:28 +0000] "GET /blog/add HTTP/1.1" 200 5895 "http://localhost:8000/blog" "Mozilla/5.0 (Windows NT 6.1; rv:46.0) Gecko/20100101 Firefox/46.0"
::1 - - [30/May/2016:12:48:50 +0000] "GET /static/assets/js/jquery-1.10.2.min.map HTTP/1.1" 404 51 "-" "Mozilla/5.0 (Windows NT 6.1; rv:46.0) Gecko/20100101 Firefox/46.0"
::1 - - [30/May/2016:12:52:07 +0000] "GET /blog/add HTTP/1.1" 200 5884 "http://localhost:8000/blog" "Mozilla/5.0 (Windows NT 6.1; rv:46.0) Gecko/20100101 Firefox/46.0"
::1 - - [30/May/2016:12:52:23 +0000] "GET /blog/add HTTP/1.1" 200 5881 "http://localhost:8000/blog" "Mozilla/5.0 (Windows NT 6.1; rv:46.0) Gecko/20100101 Firefox/46.0"
::1 - - [30/May/2016:12:52:28 +0000] "GET /static/assets/js/jquery-1.10.2.min.map HTTP/1.1" 404 51 "-" "Mozilla/5.0 (Windows NT 6.1; rv:46.0) Gecko/20100101 Firefox/46.0"
::1 - - [30/May/2016:12:56:04 +0000] "GET /blog/add HTTP/1.1" 200 6164 "http://localhost:8000/blog" "Mozilla/5.0 (Windows NT 6.1; rv:46.0) Gecko/20100101 Firefox/46.0"
::1 - - [30/May/2016:12:56:48 +0000] "GET /static/assets/js/jquery-1.10.2.min.map HTTP/1.1" 404 51 "-" "Mozilla/5.0 (Windows NT 6.1; rv:46.0) Gecko/20100101 Firefox/46.0"
::1 - - [30/May/2016:12:58:10 +0000] "GET /blog/add HTTP/1.1" 304 - "http://localhost:8000/blog" "Mozilla/5.0 (Windows NT 6.1; rv:46.0) Gecko/20100101 Firefox/46.0"
::1 - - [30/May/2016:12:58:17 +0000] "GET /static/assets/js/jquery-1.10.2.min.map HTTP/1.1" 404 51 "-" "Mozilla/5.0 (Windows NT 6.1; rv:46.0) Gecko/20100101 Firefox/46.0"
::1 - - [30/May/2016:13:01:07 +0000] "GET /blog/add HTTP/1.1" 200 5882 "http://localhost:8000/blog" "Mozilla/5.0 (Windows NT 6.1; rv:46.0) Gecko/20100101 Firefox/46.0"
::1 - - [30/May/2016:13:01:08 +0000] "GET /static/assets/js/jquery-1.10.2.min.map HTTP/1.1" 404 51 "-" "Mozilla/5.0 (Windows NT 6.1; rv:46.0) Gecko/20100101 Firefox/46.0"
::1 - - [30/May/2016:13:05:45 +0000] "GET /blog/add HTTP/1.1" 200 5955 "http://localhost:8000/blog" "Mozilla/5.0 (Windows NT 6.1; rv:46.0) Gecko/20100101 Firefox/46.0"
::1 - - [30/May/2016:13:05:45 +0000] "GET /static/assets/js/bootstrap-filestyle.min HTTP/1.1" 404 53 "http://localhost:8000/blog/add" "Mozilla/5.0 (Windows NT 6.1; rv:46.0) Gecko/20100101 Firefox/46.0"
::1 - - [30/May/2016:13:05:46 +0000] "GET /static/assets/js/jquery-1.10.2.min.map HTTP/1.1" 404 51 "-" "Mozilla/5.0 (Windows NT 6.1; rv:46.0) Gecko/20100101 Firefox/46.0"
::1 - - [30/May/2016:13:05:46 +0000] "GET /static/assets/js/bootstrap-filestyle.min HTTP/1.1" 404 53 "http://localhost:8000/blog/add" "Mozilla/5.0 (Windows NT 6.1; rv:46.0) Gecko/20100101 Firefox/46.0"
::1 - - [30/May/2016:13:06:15 +0000] "GET /blog/add HTTP/1.1" 200 5958 "http://localhost:8000/blog" "Mozilla/5.0 (Windows NT 6.1; rv:46.0) Gecko/20100101 Firefox/46.0"
::1 - - [30/May/2016:13:06:15 +0000] "GET /static/assets/js/jquery-1.10.2.min.map HTTP/1.1" 404 51 "-" "Mozilla/5.0 (Windows NT 6.1; rv:46.0) Gecko/20100101 Firefox/46.0"
::1 - - [30/May/2016:13:06:26 +0000] "GET /blog/add HTTP/1.1" 304 - "http://localhost:8000/blog" "Mozilla/5.0 (Windows NT 6.1; rv:46.0) Gecko/20100101 Firefox/46.0"
::1 - - [30/May/2016:13:07:42 +0000] "GET /blog/add HTTP/1.1" 200 5973 "http://localhost:8000/blog" "Mozilla/5.0 (Windows NT 6.1; rv:46.0) Gecko/20100101 Firefox/46.0"
::1 - - [30/May/2016:13:08:29 +0000] "GET /blog/add HTTP/1.1" 200 6016 "http://localhost:8000/blog" "Mozilla/5.0 (Windows NT 6.1; rv:46.0) Gecko/20100101 Firefox/46.0"
::1 - - [30/May/2016:13:08:42 +0000] "GET /blog/add HTTP/1.1" 200 5974 "http://localhost:8000/blog" "Mozilla/5.0 (Windows NT 6.1; rv:46.0) Gecko/20100101 Firefox/46.0"
::1 - - [30/May/2016:13:08:49 +0000] "GET /blog/add HTTP/1.1" 200 5974 "http://localhost:8000/blog" "Mozilla/5.0 (Windows NT 6.1; rv:46.0) Gecko/20100101 Firefox/46.0"
::1 - - [30/May/2016:13:08:57 +0000] "GET /blog/add HTTP/1.1" 200 5974 "http://localhost:8000/blog" "Mozilla/5.0 (Windows NT 6.1; rv:46.0) Gecko/20100101 Firefox/46.0"
::1 - - [30/May/2016:13:09:02 +0000] "GET /blog/add HTTP/1.1" 200 5974 "http://localhost:8000/blog" "Mozilla/5.0 (Windows NT 6.1; rv:46.0) Gecko/20100101 Firefox/46.0"
::1 - - [30/May/2016:13:09:14 +0000] "GET /blog/add HTTP/1.1" 200 5976 "http://localhost:8000/blog" "Mozilla/5.0 (Windows NT 6.1; rv:46.0) Gecko/20100101 Firefox/46.0"
::1 - - [30/May/2016:13:09:27 +0000] "GET /blog/add HTTP/1.1" 200 5974 "http://localhost:8000/blog" "Mozilla/5.0 (Windows NT 6.1; rv:46.0) Gecko/20100101 Firefox/46.0"
::1 - - [30/May/2016:13:09:39 +0000] "GET /blog/add HTTP/1.1" 200 5960 "http://localhost:8000/blog" "Mozilla/5.0 (Windows NT 6.1; rv:46.0) Gecko/20100101 Firefox/46.0"
::1 - - [30/May/2016:13:10:31 +0000] "GET /blog/add HTTP/1.1" 200 5990 "http://localhost:8000/blog" "Mozilla/5.0 (Windows NT 6.1; rv:46.0) Gecko/20100101 Firefox/46.0"
::1 - - [30/May/2016:13:11:00 +0000] "GET /blog/add HTTP/1.1" 200 5998 "http://localhost:8000/blog" "Mozilla/5.0 (Windows NT 6.1; rv:46.0) Gecko/20100101 Firefox/46.0"
::1 - - [30/May/2016:13:11:12 +0000] "GET /static/assets/js/jquery-1.10.2.min.map HTTP/1.1" 404 51 "-" "Mozilla/5.0 (Windows NT 6.1; rv:46.0) Gecko/20100101 Firefox/46.0"
::1 - - [30/May/2016:13:11:25 +0000] "GET /blog/add HTTP/1.1" 304 - "http://localhost:8000/blog" "Mozilla/5.0 (Windows NT 6.1; rv:46.0) Gecko/20100101 Firefox/46.0"
::1 - - [30/May/2016:13:12:36 +0000] "GET /blog/add HTTP/1.1" 200 6047 "http://localhost:8000/blog" "Mozilla/5.0 (Windows NT 6.1; rv:46.0) Gecko/20100101 Firefox/46.0"
::1 - - [30/May/2016:13:12:45 +0000] "GET /blog/add HTTP/1.1" 200 6049 "http://localhost:8000/blog" "Mozilla/5.0 (Windows NT 6.1; rv:46.0) Gecko/20100101 Firefox/46.0"
::1 - - [30/May/2016:13:12:48 +0000] "GET /blog/add HTTP/1.1" 304 - "http://localhost:8000/blog" "Mozilla/5.0 (Windows NT 6.1; rv:46.0) Gecko/20100101 Firefox/46.0"
::1 - - [30/May/2016:13:13:26 +0000] "GET /blog/add HTTP/1.1" 200 6078 "http://localhost:8000/blog" "Mozilla/5.0 (Windows NT 6.1; rv:46.0) Gecko/20100101 Firefox/46.0"
::1 - - [30/May/2016:13:13:35 +0000] "GET /blog/add HTTP/1.1" 200 6079 "http://localhost:8000/blog" "Mozilla/5.0 (Windows NT 6.1; rv:46.0) Gecko/20100101 Firefox/46.0"
::1 - - [30/May/2016:13:13:38 +0000] "GET /blog/add HTTP/1.1" 304 - "http://localhost:8000/blog" "Mozilla/5.0 (Windows NT 6.1; rv:46.0) Gecko/20100101 Firefox/46.0"
::1 - - [30/May/2016:13:13:47 +0000] "GET /blog/add HTTP/1.1" 200 6086 "http://localhost:8000/blog" "Mozilla/5.0 (Windows NT 6.1; rv:46.0) Gecko/20100101 Firefox/46.0"
::1 - - [30/May/2016:13:14:17 +0000] "GET /blog/add HTTP/1.1" 200 6080 "http://localhost:8000/blog" "Mozilla/5.0 (Windows NT 6.1; rv:46.0) Gecko/20100101 Firefox/46.0"
::1 - - [30/May/2016:13:14:28 +0000] "GET /static/assets/js/jquery-1.10.2.min.map HTTP/1.1" 404 51 "-" "Mozilla/5.0 (Windows NT 6.1; rv:46.0) Gecko/20100101 Firefox/46.0"
::1 - - [30/May/2016:13:15:08 +0000] "GET /blog/add HTTP/1.1" 200 6082 "http://localhost:8000/blog" "Mozilla/5.0 (Windows NT 6.1; rv:46.0) Gecko/20100101 Firefox/46.0"
::1 - - [30/May/2016:13:15:47 +0000] "GET /blog/add HTTP/1.1" 200 6080 "http://localhost:8000/blog" "Mozilla/5.0 (Windows NT 6.1; rv:46.0) Gecko/20100101 Firefox/46.0"
::1 - - [30/May/2016:13:17:35 +0000] "GET /blog/add HTTP/1.1" 200 6118 "http://localhost:8000/blog" "Mozilla/5.0 (Windows NT 6.1; rv:46.0) Gecko/20100101 Firefox/46.0"
::1 - - [30/May/2016:13:17:56 +0000] "GET /blog/add?title=&author=&content=&isPublished=1&image=AppLog.txt HTTP/1.1" 200 6118 "http://localhost:8000/blog/add" "Mozilla/5.0 (Windows NT 6.1; rv:46.0) Gecko/20100101 Firefox/46.0"
::1 - - [30/May/2016:13:18:47 +0000] "GET /blog/add?title=&author=&content=&isPublished=1&image=AppLog.txt HTTP/1.1" 200 6097 "http://localhost:8000/blog/add" "Mozilla/5.0 (Windows NT 6.1; rv:46.0) Gecko/20100101 Firefox/46.0"
::1 - - [30/May/2016:13:18:57 +0000] "GET /blog/add?title=&author=&content=&isPublished=1&image=SysLog.txt HTTP/1.1" 200 6097 "http://localhost:8000/blog/add?title=&author=&content=&isPublished=1&image=AppLog.txt" "Mozilla/5.0 (Windows NT 6.1; rv:46.0) Gecko/20100101 Firefox/46.0"
::1 - - [30/May/2016:13:19:33 +0000] "GET /static/assets/js/jquery-1.10.2.min.map HTTP/1.1" 404 51 "-" "Mozilla/5.0 (Windows NT 6.1; rv:46.0) Gecko/20100101 Firefox/46.0"
::1 - - [30/May/2016:13:19:59 +0000] "GET /static/assets/js/jquery-1.10.2.min.map HTTP/1.1" 404 51 "-" "Mozilla/5.0 (Windows NT 6.1; rv:46.0) Gecko/20100101 Firefox/46.0"
::1 - - [30/May/2016:13:20:07 +0000] "GET /blog/add?title=&author=&content=&isPublished=1&image=SysLog.txt HTTP/1.1" 200 6097 "http://localhost:8000/blog/add?title=&author=&content=&isPublished=1&image=AppLog.txt" "Mozilla/5.0 (Windows NT 6.1; rv:46.0) Gecko/20100101 Firefox/46.0"
::1 - - [30/May/2016:13:21:05 +0000] "GET /blog/add?title=&author=&content=&isPublished=1&image=SysLog.txt HTTP/1.1" 200 6169 "http://localhost:8000/blog/add?title=&author=&content=&isPublished=1&image=AppLog.txt" "Mozilla/5.0 (Windows NT 6.1; rv:46.0) Gecko/20100101 Firefox/46.0"
::1 - - [30/May/2016:13:21:16 +0000] "GET /blog/add?title=sd&author=df&content=fsdf&isPublished=1&image=Cleaner+Service+2016-05-09+19-10-18.png HTTP/1.1" 200 6169 "http://localhost:8000/blog/add?title=&author=&content=&isPublished=1&image=SysLog.txt" "Mozilla/5.0 (Windows NT 6.1; rv:46.0) Gecko/20100101 Firefox/46.0"
::1 - - [30/May/2016:13:21:26 +0000] "GET /static/assets/js/jquery-1.10.2.min.map HTTP/1.1" 404 51 "-" "Mozilla/5.0 (Windows NT 6.1; rv:46.0) Gecko/20100101 Firefox/46.0"
::1 - - [30/May/2016:13:22:30 +0000] "GET /static/assets/js/jquery-1.10.2.min.map HTTP/1.1" 404 51 "-" "Mozilla/5.0 (Windows NT 6.1; rv:46.0) Gecko/20100101 Firefox/46.0"
::1 - - [30/May/2016:13:24:36 +0000] "GET /blog/add?title=sd&author=df&content=fsdf&isPublished=1&image=Cleaner+Service+2016-05-09+19-10-18.png HTTP/1.1" 304 - "http://localhost:8000/blog/add?title=&author=&content=&isPublished=1&image=SysLog.txt" "Mozilla/5.0 (Windows NT 6.1; rv:46.0) Gecko/20100101 Firefox/46.0"
::1 - - [30/May/2016:13:24:36 +0000] "GET /static/assets/js/jquery-1.10.2.min.map HTTP/1.1" 404 51 "-" "Mozilla/5.0 (Windows NT 6.1; rv:46.0) Gecko/20100101 Firefox/46.0"
::1 - - [30/May/2016:13:25:36 +0000] "GET /blog/add?title=sd&author=df&content=fsdf&isPublished=1&image=Cleaner+Service+2016-05-09+19-10-18.png HTTP/1.1" 200 6580 "http://localhost:8000/blog/add?title=&author=&content=&isPublished=1&image=SysLog.txt" "Mozilla/5.0 (Windows NT 6.1; rv:46.0) Gecko/20100101 Firefox/46.0"
::1 - - [30/May/2016:13:25:37 +0000] "GET /static/assets/js/jquery-1.10.2.min.map HTTP/1.1" 404 51 "-" "Mozilla/5.0 (Windows NT 6.1; rv:46.0) Gecko/20100101 Firefox/46.0"
::1 - - [30/May/2016:13:28:55 +0000] "GET /blog/static/assets/favicon.png HTTP/1.1" 404 43 "-" "Mozilla/5.0 (Windows NT 6.1; rv:46.0) Gecko/20100101 Firefox/46.0"
::1 - - [30/May/2016:13:28:55 +0000] "GET /blog/static/assets/favicon.png HTTP/1.1" 404 43 "-" "Mozilla/5.0 (Windows NT 6.1; rv:46.0) Gecko/20100101 Firefox/46.0"
::1 - - [30/May/2016:13:57:34 +0000] "GET /blog/add?title=sd&author=df&content=fsdf&isPublished=1&image=Cleaner+Service+2016-05-09+19-10-18.png HTTP/1.1" 200 6594 "http://localhost:8000/blog/add?title=&author=&content=&isPublished=1&image=SysLog.txt" "Mozilla/5.0 (Windows NT 6.1; rv:46.0) Gecko/20100101 Firefox/46.0"
::1 - - [30/May/2016:13:57:38 +0000] "GET /blog HTTP/1.1" 200 4247 "http://localhost:8000/blog/add?title=sd&author=df&content=fsdf&isPublished=1&image=Cleaner+Service+2016-05-09+19-10-18.png" "Mozilla/5.0 (Windows NT 6.1; rv:46.0) Gecko/20100101 Firefox/46.0"
::1 - - [30/May/2016:13:57:41 +0000] "GET /blog/add HTTP/1.1" 200 6594 "http://localhost:8000/blog" "Mozilla/5.0 (Windows NT 6.1; rv:46.0) Gecko/20100101 Firefox/46.0"
::1 - - [30/May/2016:13:57:45 +0000] "GET /blog HTTP/1.1" 304 - "http://localhost:8000/blog/add" "Mozilla/5.0 (Windows NT 6.1; rv:46.0) Gecko/20100101 Firefox/46.0"
::1 - - [30/May/2016:13:57:46 +0000] "GET /blog/add HTTP/1.1" 304 - "http://localhost:8000/blog" "Mozilla/5.0 (Windows NT 6.1; rv:46.0) Gecko/20100101 Firefox/46.0"
::1 - - [30/May/2016:14:00:25 +0000] "POST /blog/add HTTP/1.1" - - "http://localhost:8000/blog/add" "Mozilla/5.0 (Windows NT 6.1; rv:46.0) Gecko/20100101 Firefox/46.0"
::1 - - [30/May/2016:14:00:47 +0000] "GET /blog/add HTTP/1.1" 304 - "-" "Mozilla/5.0 (Windows NT 6.1; rv:46.0) Gecko/20100101 Firefox/46.0"
::1 - - [30/May/2016:14:01:50 +0000] "POST /blog/add HTTP/1.1" 302 156 "http://localhost:8000/blog/add" "Mozilla/5.0 (Windows NT 6.1; rv:46.0) Gecko/20100101 Firefox/46.0"
::1 - - [30/May/2016:14:01:50 +0000] "GET /blog?success=true&message=Post%20created%20successfully HTTP/1.1" 200 4306 "http://localhost:8000/blog/add" "Mozilla/5.0 (Windows NT 6.1; rv:46.0) Gecko/20100101 Firefox/46.0"
::1 - - [30/May/2016:14:08:59 +0000] "GET /blog?success=true&message=Post%20created%20successfully HTTP/1.1" 200 4388 "http://localhost:8000/blog/add" "Mozilla/5.0 (Windows NT 6.1; rv:46.0) Gecko/20100101 Firefox/46.0"
::1 - - [30/May/2016:14:09:11 +0000] "GET /blog HTTP/1.1" 200 4388 "http://localhost:8000/blog?success=true&message=Post%20created%20successfully" "Mozilla/5.0 (Windows NT 6.1; rv:46.0) Gecko/20100101 Firefox/46.0"
::1 - - [30/May/2016:14:09:13 +0000] "GET /blog/add HTTP/1.1" 200 6594 "http://localhost:8000/blog" "Mozilla/5.0 (Windows NT 6.1; rv:46.0) Gecko/20100101 Firefox/46.0"
::1 - - [30/May/2016:14:10:06 +0000] "GET / HTTP/1.1" 200 4571 "http://localhost:8000/blog/add" "Mozilla/5.0 (Windows NT 6.1; rv:46.0) Gecko/20100101 Firefox/46.0"
::1 - - [31/May/2016:05:42:45 +0000] "GET / HTTP/1.1" 200 4571 "http://localhost:8000/blog/add" "Mozilla/5.0 (Windows NT 6.1; rv:46.0) Gecko/20100101 Firefox/46.0"
::1 - - [31/May/2016:05:42:49 +0000] "GET /blog HTTP/1.1" 200 4388 "http://localhost:8000/" "Mozilla/5.0 (Windows NT 6.1; rv:46.0) Gecko/20100101 Firefox/46.0"
::1 - - [31/May/2016:05:42:57 +0000] "GET /static/assets/js/jquery-1.10.2.min.map HTTP/1.1" 404 51 "-" "Mozilla/5.0 (Windows NT 6.1; rv:46.0) Gecko/20100101 Firefox/46.0"
::1 - - [31/May/2016:05:43:39 +0000] "GET /blog HTTP/1.1" 200 4412 "http://localhost:8000/" "Mozilla/5.0 (Windows NT 6.1; rv:46.0) Gecko/20100101 Firefox/46.0"
::1 - - [31/May/2016:05:43:40 +0000] "GET /static/assets/js/jquery-1.10.2.min.map HTTP/1.1" 404 51 "-" "Mozilla/5.0 (Windows NT 6.1; rv:46.0) Gecko/20100101 Firefox/46.0"
::1 - - [31/May/2016:05:44:29 +0000] "GET /blog HTTP/1.1" 200 4513 "http://localhost:8000/" "Mozilla/5.0 (Windows NT 6.1; rv:46.0) Gecko/20100101 Firefox/46.0"
::1 - - [31/May/2016:05:44:29 +0000] "GET /static/assets/js/jquery-1.10.2.min.map HTTP/1.1" 404 51 "-" "Mozilla/5.0 (Windows NT 6.1; rv:46.0) Gecko/20100101 Firefox/46.0"
::1 - - [31/May/2016:05:44:51 +0000] "GET /blog HTTP/1.1" 200 4524 "http://localhost:8000/" "Mozilla/5.0 (Windows NT 6.1; rv:46.0) Gecko/20100101 Firefox/46.0"
::1 - - [31/May/2016:05:44:52 +0000] "GET /static/assets/js/jquery-1.10.2.min.map HTTP/1.1" 404 51 "-" "Mozilla/5.0 (Windows NT 6.1; rv:46.0) Gecko/20100101 Firefox/46.0"
::1 - - [31/May/2016:05:44:54 +0000] "GET /blog/add HTTP/1.1" 200 6594 "http://localhost:8000/blog" "Mozilla/5.0 (Windows NT 6.1; rv:46.0) Gecko/20100101 Firefox/46.0"
::1 - - [31/May/2016:05:44:55 +0000] "GET /static/assets/js/jquery-1.10.2.min.map HTTP/1.1" 404 51 "-" "Mozilla/5.0 (Windows NT 6.1; rv:46.0) Gecko/20100101 Firefox/46.0"
::1 - - [31/May/2016:05:44:57 +0000] "GET /static/assets/js/jquery-1.10.2.min.map HTTP/1.1" 404 51 "-" "Mozilla/5.0 (Windows NT 6.1; rv:46.0) Gecko/20100101 Firefox/46.0"
::1 - - [31/May/2016:05:45:00 +0000] "GET /blog/add HTTP/1.1" 304 - "http://localhost:8000/blog" "Mozilla/5.0 (Windows NT 6.1; rv:46.0) Gecko/20100101 Firefox/46.0"
::1 - - [31/May/2016:05:45:00 +0000] "GET /static/assets/js/jquery-1.10.2.min.map HTTP/1.1" 404 51 "-" "Mozilla/5.0 (Windows NT 6.1; rv:46.0) Gecko/20100101 Firefox/46.0"
::1 - - [31/May/2016:05:45:13 +0000] "GET /static/assets/js/jquery-1.10.2.min.map HTTP/1.1" 404 51 "-" "Mozilla/5.0 (Windows NT 6.1; rv:46.0) Gecko/20100101 Firefox/46.0"
::1 - - [31/May/2016:05:45:15 +0000] "GET /blog/add HTTP/1.1" 304 - "http://localhost:8000/blog" "Mozilla/5.0 (Windows NT 6.1; rv:46.0) Gecko/20100101 Firefox/46.0"
::1 - - [31/May/2016:05:45:16 +0000] "GET /static/assets/js/jquery-1.10.2.min.map HTTP/1.1" 404 51 "-" "Mozilla/5.0 (Windows NT 6.1; rv:46.0) Gecko/20100101 Firefox/46.0"
::1 - - [31/May/2016:05:45:18 +0000] "GET /static/assets/js/jquery-1.10.2.min.map HTTP/1.1" 404 51 "-" "Mozilla/5.0 (Windows NT 6.1; rv:46.0) Gecko/20100101 Firefox/46.0"
::1 - - [31/May/2016:06:12:57 +0000] "GET /blog HTTP/1.1" 200 4765 "http://localhost:8000/" "Mozilla/5.0 (Windows NT 6.1; rv:46.0) Gecko/20100101 Firefox/46.0"
::1 - - [31/May/2016:06:13:21 +0000] "GET /blog HTTP/1.1" 200 4754 "http://localhost:8000/" "Mozilla/5.0 (Windows NT 6.1; rv:46.0) Gecko/20100101 Firefox/46.0"
::1 - - [31/May/2016:06:14:01 +0000] "GET /blog HTTP/1.1" 200 4754 "http://localhost:8000/" "Mozilla/5.0 (Windows NT 6.1; rv:46.0) Gecko/20100101 Firefox/46.0"
::1 - - [31/May/2016:06:14:16 +0000] "GET /blog HTTP/1.1" 200 4754 "http://localhost:8000/" "Mozilla/5.0 (Windows NT 6.1; rv:46.0) Gecko/20100101 Firefox/46.0"
::1 - - [31/May/2016:06:14:24 +0000] "GET /blog/edit/574c47cda8f60cd00446e3da HTTP/1.1" 404 47 "http://localhost:8000/blog" "Mozilla/5.0 (Windows NT 6.1; rv:46.0) Gecko/20100101 Firefox/46.0"
::1 - - [31/May/2016:06:14:41 +0000] "GET /blog/edit/574c47cda8f60cd00446e3da HTTP/1.1" 404 47 "http://localhost:8000/blog" "Mozilla/5.0 (Windows NT 6.1; rv:46.0) Gecko/20100101 Firefox/46.0"
::1 - - [31/May/2016:06:16:14 +0000] "GET /blog HTTP/1.1" 304 - "http://localhost:8000/" "Mozilla/5.0 (Windows NT 6.1; rv:46.0) Gecko/20100101 Firefox/46.0"
::1 - - [31/May/2016:06:16:18 +0000] "GET /blog/edit/574c47cda8f60cd00446e3da HTTP/1.1" 500 1641 "http://localhost:8000/blog" "Mozilla/5.0 (Windows NT 6.1; rv:46.0) Gecko/20100101 Firefox/46.0"
::1 - - [31/May/2016:06:17:21 +0000] "GET /blog HTTP/1.1" 200 4973 "http://localhost:8000/" "Mozilla/5.0 (Windows NT 6.1; rv:46.0) Gecko/20100101 Firefox/46.0"
::1 - - [31/May/2016:06:17:42 +0000] "GET /blog HTTP/1.1" 200 4885 "http://localhost:8000/" "Mozilla/5.0 (Windows NT 6.1; rv:46.0) Gecko/20100101 Firefox/46.0"
::1 - - [31/May/2016:06:17:48 +0000] "GET /blog/edit/574c47cda8f60cd00446e3da HTTP/1.1" 500 1641 "http://localhost:8000/blog" "Mozilla/5.0 (Windows NT 6.1; rv:46.0) Gecko/20100101 Firefox/46.0"
::1 - - [31/May/2016:06:18:48 +0000] "GET /blog/edit/574c47cda8f60cd00446e3da HTTP/1.1" 500 1641 "http://localhost:8000/blog" "Mozilla/5.0 (Windows NT 6.1; rv:46.0) Gecko/20100101 Firefox/46.0"
::1 - - [31/May/2016:06:18:49 +0000] "GET /blog/edit/574c47cda8f60cd00446e3da HTTP/1.1" 500 1641 "http://localhost:8000/blog" "Mozilla/5.0 (Windows NT 6.1; rv:46.0) Gecko/20100101 Firefox/46.0"
::1 - - [31/May/2016:06:18:59 +0000] "GET /blog/edit/574c47cda8f60cd00446e3da HTTP/1.1" 500 1343 "http://localhost:8000/blog" "Mozilla/5.0 (Windows NT 6.1; rv:46.0) Gecko/20100101 Firefox/46.0"
::1 - - [31/May/2016:06:21:33 +0000] "GET /blog/edit/574c47cda8f60cd00446e3da HTTP/1.1" 200 6740 "http://localhost:8000/blog" "Mozilla/5.0 (Windows NT 6.1; rv:46.0) Gecko/20100101 Firefox/46.0"
::1 - - [31/May/2016:06:21:33 +0000] "GET /blog/edit/static/assets/favicon.png HTTP/1.1" 404 48 "-" "Mozilla/5.0 (Windows NT 6.1; rv:46.0) Gecko/20100101 Firefox/46.0"
::1 - - [31/May/2016:06:21:33 +0000] "GET /blog/edit/static/assets/favicon.png HTTP/1.1" 404 48 "-" "Mozilla/5.0 (Windows NT 6.1; rv:46.0) Gecko/20100101 Firefox/46.0"
::1 - - [31/May/2016:06:21:52 +0000] "POST /blog/edit/574c47cda8f60cd00446e3da HTTP/1.1" 404 48 "http://localhost:8000/blog/edit/574c47cda8f60cd00446e3da" "Mozilla/5.0 (Windows NT 6.1; rv:46.0) Gecko/20100101 Firefox/46.0"
::1 - - [31/May/2016:06:22:54 +0000] "GET /blog/edit/574c47cda8f60cd00446e3da HTTP/1.1" 200 6760 "http://localhost:8000/blog" "Mozilla/5.0 (Windows NT 6.1; rv:46.0) Gecko/20100101 Firefox/46.0"
::1 - - [31/May/2016:06:22:55 +0000] "GET /blog/edit/574c47cda8f60cd00446e3da HTTP/1.1" 304 - "http://localhost:8000/blog" "Mozilla/5.0 (Windows NT 6.1; rv:46.0) Gecko/20100101 Firefox/46.0"
::1 - - [31/May/2016:06:23:10 +0000] "POST /blog/edit HTTP/1.1" 302 156 "http://localhost:8000/blog/edit/574c47cda8f60cd00446e3da" "Mozilla/5.0 (Windows NT 6.1; rv:46.0) Gecko/20100101 Firefox/46.0"
::1 - - [31/May/2016:06:23:10 +0000] "GET /blog?success=true&message=Post%20updated%20successfully HTTP/1.1" 200 4891 "http://localhost:8000/blog/edit/574c47cda8f60cd00446e3da" "Mozilla/5.0 (Windows NT 6.1; rv:46.0) Gecko/20100101 Firefox/46.0"
::1 - - [31/May/2016:06:23:17 +0000] "GET /blog/edit/574c47cda8f60cd00446e3da HTTP/1.1" 200 6763 "http://localhost:8000/blog?success=true&message=Post%20updated%20successfully" "Mozilla/5.0 (Windows NT 6.1; rv:46.0) Gecko/20100101 Firefox/46.0"
::1 - - [31/May/2016:06:24:53 +0000] "POST /blog/edit HTTP/1.1" 302 156 "http://localhost:8000/blog/edit/574c47cda8f60cd00446e3da" "Mozilla/5.0 (Windows NT 6.1; rv:46.0) Gecko/20100101 Firefox/46.0"
::1 - - [31/May/2016:06:24:54 +0000] "GET /blog?success=true&message=Post%20updated%20successfully HTTP/1.1" 200 6660 "http://localhost:8000/blog/edit/574c47cda8f60cd00446e3da" "Mozilla/5.0 (Windows NT 6.1; rv:46.0) Gecko/20100101 Firefox/46.0"
::1 - - [31/May/2016:06:28:49 +0000] "GET /blog/edit/574c47cda8f60cd00446e3da HTTP/1.1" 200 8531 "http://localhost:8000/blog?success=true&message=Post%20updated%20successfully" "Mozilla/5.0 (Windows NT 6.1; rv:46.0) Gecko/20100101 Firefox/46.0"
::1 - - [31/May/2016:06:28:55 +0000] "POST /blog/edit HTTP/1.1" 302 156 "http://localhost:8000/blog/edit/574c47cda8f60cd00446e3da" "Mozilla/5.0 (Windows NT 6.1; rv:46.0) Gecko/20100101 Firefox/46.0"
::1 - - [31/May/2016:06:28:55 +0000] "GET /blog?success=true&message=Post%20updated%20successfully HTTP/1.1" 200 6657 "http://localhost:8000/blog/edit/574c47cda8f60cd00446e3da" "Mozilla/5.0 (Windows NT 6.1; rv:46.0) Gecko/20100101 Firefox/46.0"
::1 - - [31/May/2016:06:28:59 +0000] "GET /blog/edit/574c47cda8f60cd00446e3da HTTP/1.1" 304 - "http://localhost:8000/blog?success=true&message=Post%20updated%20successfully" "Mozilla/5.0 (Windows NT 6.1; rv:46.0) Gecko/20100101 Firefox/46.0"
::1 - - [31/May/2016:06:35:00 +0000] "GET /blog/edit/574c47cda8f60cd00446e3da HTTP/1.1" 304 - "http://localhost:8000/blog?success=true&message=Post%20updated%20successfully" "Mozilla/5.0 (Windows NT 6.1; rv:46.0) Gecko/20100101 Firefox/46.0"
::1 - - [31/May/2016:06:36:06 +0000] "GET /blog/edit/574c47cda8f60cd00446e3da HTTP/1.1" 500 1343 "http://localhost:8000/blog?success=true&message=Post%20updated%20successfully" "Mozilla/5.0 (Windows NT 6.1; rv:46.0) Gecko/20100101 Firefox/46.0"
::1 - - [31/May/2016:06:36:23 +0000] "GET /blog/edit/574c47cda8f60cd00446e3da HTTP/1.1" 500 1353 "http://localhost:8000/blog?success=true&message=Post%20updated%20successfully" "Mozilla/5.0 (Windows NT 6.1; rv:46.0) Gecko/20100101 Firefox/46.0"
::1 - - [31/May/2016:06:44:23 +0000] "GET /blog/edit/574c47cda8f60cd00446e3da HTTP/1.1" 500 1220 "http://localhost:8000/blog?success=true&message=Post%20updated%20successfully" "Mozilla/5.0 (Windows NT 6.1; rv:46.0) Gecko/20100101 Firefox/46.0"
::1 - - [31/May/2016:06:44:26 +0000] "GET /blog/edit/574c47cda8f60cd00446e3da HTTP/1.1" 500 1220 "http://localhost:8000/blog?success=true&message=Post%20updated%20successfully" "Mozilla/5.0 (Windows NT 6.1; rv:46.0) Gecko/20100101 Firefox/46.0"
::1 - - [31/May/2016:06:44:49 +0000] "GET /blog/edit/574c47cda8f60cd00446e3da HTTP/1.1" 500 998 "http://localhost:8000/blog?success=true&message=Post%20updated%20successfully" "Mozilla/5.0 (Windows NT 6.1; rv:46.0) Gecko/20100101 Firefox/46.0"
::1 - - [31/May/2016:06:45:06 +0000] "GET /blog/edit/574c47cda8f60cd00446e3da HTTP/1.1" 200 8525 "http://localhost:8000/blog?success=true&message=Post%20updated%20successfully" "Mozilla/5.0 (Windows NT 6.1; rv:46.0) Gecko/20100101 Firefox/46.0"
::1 - - [31/May/2016:06:45:31 +0000] "POST /blog/edit HTTP/1.1" 302 156 "http://localhost:8000/blog/edit/574c47cda8f60cd00446e3da" "Mozilla/5.0 (Windows NT 6.1; rv:46.0) Gecko/20100101 Firefox/46.0"
::1 - - [31/May/2016:06:45:31 +0000] "GET /blog?success=true&message=Post%20updated%20successfully HTTP/1.1" 200 6681 "http://localhost:8000/blog/edit/574c47cda8f60cd00446e3da" "Mozilla/5.0 (Windows NT 6.1; rv:46.0) Gecko/20100101 Firefox/46.0"
::1 - - [31/May/2016:06:47:19 +0000] "GET /blog?success=true&message=Post%20updated%20successfully HTTP/1.1" 200 6718 "http://localhost:8000/blog/edit/574c47cda8f60cd00446e3da" "Mozilla/5.0 (Windows NT 6.1; rv:46.0) Gecko/20100101 Firefox/46.0"
::1 - - [31/May/2016:06:47:24 +0000] "GET /static/assets/js/jquery-1.10.2.min.map HTTP/1.1" 404 51 "-" "Mozilla/5.0 (Windows NT 6.1; rv:46.0) Gecko/20100101 Firefox/46.0"
::1 - - [31/May/2016:06:54:44 +0000] "GET /blog?success=true&message=Post%20updated%20successfully HTTP/1.1" 200 6715 "http://localhost:8000/blog/edit/574c47cda8f60cd00446e3da" "Mozilla/5.0 (Windows NT 6.1; rv:46.0) Gecko/20100101 Firefox/46.0"
::1 - - [31/May/2016:06:55:04 +0000] "GET /blog?success=true&message=Post%20updated%20successfully HTTP/1.1" 200 6722 "http://localhost:8000/blog/edit/574c47cda8f60cd00446e3da" "Mozilla/5.0 (Windows NT 6.1; rv:46.0) Gecko/20100101 Firefox/46.0"
::1 - - [31/May/2016:06:55:19 +0000] "GET /blog?success=true&message=Post%20updated%20successfully HTTP/1.1" 200 6723 "http://localhost:8000/blog/edit/574c47cda8f60cd00446e3da" "Mozilla/5.0 (Windows NT 6.1; rv:46.0) Gecko/20100101 Firefox/46.0"
::1 - - [31/May/2016:06:55:31 +0000] "GET /blog?success=true&message=Post%20updated%20successfully HTTP/1.1" 200 6723 "http://localhost:8000/blog/edit/574c47cda8f60cd00446e3da" "Mozilla/5.0 (Windows NT 6.1; rv:46.0) Gecko/20100101 Firefox/46.0"
::1 - - [31/May/2016:06:55:39 +0000] "GET /blog?success=true&message=Post%20updated%20successfully HTTP/1.1" 200 6724 "http://localhost:8000/blog/edit/574c47cda8f60cd00446e3da" "Mozilla/5.0 (Windows NT 6.1; rv:46.0) Gecko/20100101 Firefox/46.0"
::1 - - [31/May/2016:06:56:10 +0000] "GET /blog?success=true&message=Post%20updated%20successfully HTTP/1.1" 200 6723 "http://localhost:8000/blog/edit/574c47cda8f60cd00446e3da" "Mozilla/5.0 (Windows NT 6.1; rv:46.0) Gecko/20100101 Firefox/46.0"
::1 - - [31/May/2016:06:56:13 +0000] "GET /static/assets/js/jquery-1.10.2.min.map HTTP/1.1" 404 51 "-" "Mozilla/5.0 (Windows NT 6.1; rv:46.0) Gecko/20100101 Firefox/46.0"
::1 - - [31/May/2016:06:57:14 +0000] "GET /blog?success=true&message=Post%20updated%20successfully HTTP/1.1" 304 - "http://localhost:8000/blog/edit/574c47cda8f60cd00446e3da" "Mozilla/5.0 (Windows NT 6.1; rv:46.0) Gecko/20100101 Firefox/46.0"
::1 - - [31/May/2016:06:57:54 +0000] "GET /blog?success=true&message=Post%20updated%20successfully HTTP/1.1" 200 6778 "http://localhost:8000/blog/edit/574c47cda8f60cd00446e3da" "Mozilla/5.0 (Windows NT 6.1; rv:46.0) Gecko/20100101 Firefox/46.0"
::1 - - [31/May/2016:06:58:18 +0000] "GET /blog?success=true&message=Post%20updated%20successfully HTTP/1.1" 200 6774 "http://localhost:8000/blog/edit/574c47cda8f60cd00446e3da" "Mozilla/5.0 (Windows NT 6.1; rv:46.0) Gecko/20100101 Firefox/46.0"
::1 - - [31/May/2016:06:58:30 +0000] "GET /blog?success=true&message=Post%20updated%20successfully HTTP/1.1" 200 6772 "http://localhost:8000/blog/edit/574c47cda8f60cd00446e3da" "Mozilla/5.0 (Windows NT 6.1; rv:46.0) Gecko/20100101 Firefox/46.0"
::1 - - [31/May/2016:06:58:48 +0000] "GET /blog?success=true&message=Post%20updated%20successfully HTTP/1.1" 200 6720 "http://localhost:8000/blog/edit/574c47cda8f60cd00446e3da" "Mozilla/5.0 (Windows NT 6.1; rv:46.0) Gecko/20100101 Firefox/46.0"
::1 - - [31/May/2016:06:59:37 +0000] "GET /blog?success=true&message=Post%20updated%20successfully HTTP/1.1" 200 6730 "http://localhost:8000/blog/edit/574c47cda8f60cd00446e3da" "Mozilla/5.0 (Windows NT 6.1; rv:46.0) Gecko/20100101 Firefox/46.0"
::1 - - [31/May/2016:07:00:12 +0000] "GET /blog?success=true&message=Post%20updated%20successfully HTTP/1.1" 200 6788 "http://localhost:8000/blog/edit/574c47cda8f60cd00446e3da" "Mozilla/5.0 (Windows NT 6.1; rv:46.0) Gecko/20100101 Firefox/46.0"
::1 - - [31/May/2016:07:01:18 +0000] "GET /blog?success=true&message=Post%20updated%20successfully HTTP/1.1" 200 6787 "http://localhost:8000/blog/edit/574c47cda8f60cd00446e3da" "Mozilla/5.0 (Windows NT 6.1; rv:46.0) Gecko/20100101 Firefox/46.0"
::1 - - [31/May/2016:07:01:40 +0000] "GET /blog?success=true&message=Post%20updated%20successfully HTTP/1.1" 200 6790 "http://localhost:8000/blog/edit/574c47cda8f60cd00446e3da" "Mozilla/5.0 (Windows NT 6.1; rv:46.0) Gecko/20100101 Firefox/46.0"
::1 - - [31/May/2016:07:01:51 +0000] "GET /blog?success=true&message=Post%20updated%20successfully HTTP/1.1" 200 6793 "http://localhost:8000/blog/edit/574c47cda8f60cd00446e3da" "Mozilla/5.0 (Windows NT 6.1; rv:46.0) Gecko/20100101 Firefox/46.0"
::1 - - [31/May/2016:07:02:07 +0000] "GET /blog?success=true&message=Post%20updated%20successfully HTTP/1.1" 200 6793 "http://localhost:8000/blog/edit/574c47cda8f60cd00446e3da" "Mozilla/5.0 (Windows NT 6.1; rv:46.0) Gecko/20100101 Firefox/46.0"
::1 - - [31/May/2016:07:02:20 +0000] "GET /blog?success=true&message=Post%20updated%20successfully HTTP/1.1" 200 6793 "http://localhost:8000/blog/edit/574c47cda8f60cd00446e3da" "Mozilla/5.0 (Windows NT 6.1; rv:46.0) Gecko/20100101 Firefox/46.0"
::1 - - [31/May/2016:07:02:32 +0000] "GET /blog?success=true&message=Post%20updated%20successfully HTTP/1.1" 200 6793 "http://localhost:8000/blog/edit/574c47cda8f60cd00446e3da" "Mozilla/5.0 (Windows NT 6.1; rv:46.0) Gecko/20100101 Firefox/46.0"
::1 - - [31/May/2016:07:02:45 +0000] "GET /blog?success=true&message=Post%20updated%20successfully HTTP/1.1" 200 6803 "http://localhost:8000/blog/edit/574c47cda8f60cd00446e3da" "Mozilla/5.0 (Windows NT 6.1; rv:46.0) Gecko/20100101 Firefox/46.0"
::1 - - [31/May/2016:07:47:57 +0000] "GET /blog?success=true&message=Post%20updated%20successfully HTTP/1.1" 304 - "http://localhost:8000/blog/edit/574c47cda8f60cd00446e3da" "Mozilla/5.0 (Windows NT 6.1; rv:46.0) Gecko/20100101 Firefox/46.0"
::1 - - [31/May/2016:07:49:10 +0000] "GET /blog?success=true&message=Post%20updated%20successfully HTTP/1.1" 304 - "http://localhost:8000/blog/edit/574c47cda8f60cd00446e3da" "Mozilla/5.0 (Windows NT 6.1; rv:46.0) Gecko/20100101 Firefox/46.0"
::1 - - [31/May/2016:07:49:25 +0000] "GET /blog?success=true&message=Post%20updated%20successfully HTTP/1.1" 304 - "http://localhost:8000/blog/edit/574c47cda8f60cd00446e3da" "Mozilla/5.0 (Windows NT 6.1; rv:46.0) Gecko/20100101 Firefox/46.0"
::1 - - [31/May/2016:07:49:32 +0000] "GET /blog/add HTTP/1.1" 200 6594 "http://localhost:8000/blog?success=true&message=Post%20updated%20successfully" "Mozilla/5.0 (Windows NT 6.1; rv:46.0) Gecko/20100101 Firefox/46.0"
::1 - - [31/May/2016:07:50:04 +0000] "GET /blog HTTP/1.1" 200 6803 "http://localhost:8000/blog/add" "Mozilla/5.0 (Windows NT 6.1; rv:46.0) Gecko/20100101 Firefox/46.0"
::1 - - [31/May/2016:07:50:21 +0000] "POST /blog/add HTTP/1.1" 302 156 "http://localhost:8000/blog/add" "Mozilla/5.0 (Windows NT 6.1; rv:46.0) Gecko/20100101 Firefox/46.0"
::1 - - [31/May/2016:07:50:21 +0000] "GET /blog?success=true&message=Post%20created%20successfully HTTP/1.1" 200 9349 "http://localhost:8000/blog/add" "Mozilla/5.0 (Windows NT 6.1; rv:46.0) Gecko/20100101 Firefox/46.0"
::1 - - [31/May/2016:07:50:26 +0000] "GET /blog/edit/574c47cda8f60cd00446e3da HTTP/1.1" 304 - "http://localhost:8000/blog?success=true&message=Post%20created%20successfully" "Mozilla/5.0 (Windows NT 6.1; rv:46.0) Gecko/20100101 Firefox/46.0"
::1 - - [31/May/2016:07:50:38 +0000] "POST /blog/edit HTTP/1.1" 302 156 "http://localhost:8000/blog/edit/574c47cda8f60cd00446e3da" "Mozilla/5.0 (Windows NT 6.1; rv:46.0) Gecko/20100101 Firefox/46.0"
::1 - - [31/May/2016:07:50:38 +0000] "GET /blog?success=true&message=Post%20updated%20successfully HTTP/1.1" 200 9347 "http://localhost:8000/blog/edit/574c47cda8f60cd00446e3da" "Mozilla/5.0 (Windows NT 6.1; rv:46.0) Gecko/20100101 Firefox/46.0"
::1 - - [31/May/2016:07:51:25 +0000] "GET /blog?success=true&message=Post%20updated%20successfully HTTP/1.1" 304 - "http://localhost:8000/blog/edit/574c47cda8f60cd00446e3da" "Mozilla/5.0 (Windows NT 6.1; rv:46.0) Gecko/20100101 Firefox/46.0"
::1 - - [31/May/2016:07:51:38 +0000] "GET /blog/edit/574c47cda8f60cd00446e3da HTTP/1.1" 200 8511 "http://localhost:8000/blog?success=true&message=Post%20updated%20successfully" "Mozilla/5.0 (Windows NT 6.1; rv:46.0) Gecko/20100101 Firefox/46.0"
::1 - - [31/May/2016:07:51:51 +0000] "POST /blog/edit HTTP/1.1" 302 156 "http://localhost:8000/blog/edit/574c47cda8f60cd00446e3da" "Mozilla/5.0 (Windows NT 6.1; rv:46.0) Gecko/20100101 Firefox/46.0"
::1 - - [31/May/2016:07:51:51 +0000] "GET /blog?success=true&message=Post%20updated%20successfully HTTP/1.1" 200 9290 "http://localhost:8000/blog/edit/574c47cda8f60cd00446e3da" "Mozilla/5.0 (Windows NT 6.1; rv:46.0) Gecko/20100101 Firefox/46.0"
::1 - - [31/May/2016:07:51:55 +0000] "GET /blog/edit/574d423d9bff000410ec0708 HTTP/1.1" 200 8509 "http://localhost:8000/blog?success=true&message=Post%20updated%20successfully" "Mozilla/5.0 (Windows NT 6.1; rv:46.0) Gecko/20100101 Firefox/46.0"
::1 - - [31/May/2016:07:52:01 +0000] "POST /blog/edit HTTP/1.1" 302 156 "http://localhost:8000/blog/edit/574d423d9bff000410ec0708" "Mozilla/5.0 (Windows NT 6.1; rv:46.0) Gecko/20100101 Firefox/46.0"
::1 - - [31/May/2016:07:52:01 +0000] "GET /blog?success=true&message=Post%20updated%20successfully HTTP/1.1" 200 9236 "http://localhost:8000/blog/edit/574d423d9bff000410ec0708" "Mozilla/5.0 (Windows NT 6.1; rv:46.0) Gecko/20100101 Firefox/46.0"
::1 - - [31/May/2016:07:59:49 +0000] "GET /static/assets/js/jquery-1.10.2.min.map HTTP/1.1" 404 51 "-" "Mozilla/5.0 (Windows NT 6.1; rv:46.0) Gecko/20100101 Firefox/46.0"
::1 - - [31/May/2016:08:09:46 +0000] "GET /blog?success=true&message=Post%20updated%20successfully HTTP/1.1" 200 9294 "http://localhost:8000/blog/edit/574d423d9bff000410ec0708" "Mozilla/5.0 (Windows NT 6.1; rv:46.0) Gecko/20100101 Firefox/46.0"
::1 - - [31/May/2016:08:10:41 +0000] "GET /blog?success=true&message=Post%20updated%20successfully HTTP/1.1" 200 9323 "http://localhost:8000/blog/edit/574d423d9bff000410ec0708" "Mozilla/5.0 (Windows NT 6.1; rv:46.0) Gecko/20100101 Firefox/46.0"
::1 - - [31/May/2016:08:11:24 +0000] "GET /blog?success=true&message=Post%20updated%20successfully HTTP/1.1" 200 9236 "http://localhost:8000/blog/edit/574d423d9bff000410ec0708" "Mozilla/5.0 (Windows NT 6.1; rv:46.0) Gecko/20100101 Firefox/46.0"
::1 - - [31/May/2016:09:04:58 +0000] "GET /blog?success=true&message=Post%20updated%20successfully HTTP/1.1" 304 - "http://localhost:8000/blog/edit/574d423d9bff000410ec0708" "Mozilla/5.0 (Windows NT 6.1; rv:46.0) Gecko/20100101 Firefox/46.0"
::1 - - [31/May/2016:09:05:12 +0000] "GET /blog?success=true&message=Post%20updated%20successfully HTTP/1.1" 304 - "http://localhost:8000/blog/edit/574d423d9bff000410ec0708" "Mozilla/5.0 (Windows NT 6.1; rv:46.0) Gecko/20100101 Firefox/46.0"
::1 - - [31/May/2016:09:05:18 +0000] "GET /blog/edit/574c47cda8f60cd00446e3da HTTP/1.1" 200 8517 "http://localhost:8000/blog?success=true&message=Post%20updated%20successfully" "Mozilla/5.0 (Windows NT 6.1; rv:46.0) Gecko/20100101 Firefox/46.0"
::1 - - [31/May/2016:09:05:27 +0000] "POST /blog/edit HTTP/1.1" 302 160 "http://localhost:8000/blog/edit/574c47cda8f60cd00446e3da" "Mozilla/5.0 (Windows NT 6.1; rv:46.0) Gecko/20100101 Firefox/46.0"
::1 - - [31/May/2016:09:05:27 +0000] "GET /blog/?success=true&message=Post%20updated%20successfully! HTTP/1.1" 200 9236 "http://localhost:8000/blog/edit/574c47cda8f60cd00446e3da" "Mozilla/5.0 (Windows NT 6.1; rv:46.0) Gecko/20100101 Firefox/46.0"
::1 - - [31/May/2016:09:05:38 +0000] "GET /blog/edit/574c47cda8f60cd00446e3da HTTP/1.1" 200 8517 "http://localhost:8000/blog/?success=true&message=Post%20updated%20successfully!" "Mozilla/5.0 (Windows NT 6.1; rv:46.0) Gecko/20100101 Firefox/46.0"
::1 - - [31/May/2016:09:05:40 +0000] "POST /blog/edit HTTP/1.1" 302 160 "http://localhost:8000/blog/edit/574c47cda8f60cd00446e3da" "Mozilla/5.0 (Windows NT 6.1; rv:46.0) Gecko/20100101 Firefox/46.0"
::1 - - [31/May/2016:09:05:40 +0000] "GET /blog/?success=true&message=Post%20updated%20successfully! HTTP/1.1" 200 9236 "http://localhost:8000/blog/edit/574c47cda8f60cd00446e3da" "Mozilla/5.0 (Windows NT 6.1; rv:46.0) Gecko/20100101 Firefox/46.0"
::1 - - [31/May/2016:09:05:43 +0000] "GET /blog/edit/574d423d9bff000410ec0708 HTTP/1.1" 200 8521 "http://localhost:8000/blog/?success=true&message=Post%20updated%20successfully!" "Mozilla/5.0 (Windows NT 6.1; rv:46.0) Gecko/20100101 Firefox/46.0"
::1 - - [31/May/2016:09:05:52 +0000] "GET /static/assets/js/jquery-1.10.2.min.map HTTP/1.1" 404 51 "-" "Mozilla/5.0 (Windows NT 6.1; rv:46.0) Gecko/20100101 Firefox/46.0"
::1 - - [31/May/2016:09:05:59 +0000] "POST /blog/edit HTTP/1.1" 302 270 "http://localhost:8000/blog/edit/574d423d9bff000410ec0708" "Mozilla/5.0 (Windows NT 6.1; rv:46.0) Gecko/20100101 Firefox/46.0"
::1 - - [31/May/2016:09:05:59 +0000] "GET /blog/edit/574d423d9bff000410ec0708?error=true&message=Validation%20failed,%20Please%20check%20and%20fill%20correct%20data! HTTP/1.1" 200 8521 "http://localhost:8000/blog/edit/574d423d9bff000410ec0708" "Mozilla/5.0 (Windows NT 6.1; rv:46.0) Gecko/20100101 Firefox/46.0"
::1 - - [31/May/2016:09:06:09 +0000] "GET /blog HTTP/1.1" 200 9236 "http://localhost:8000/blog/edit/574d423d9bff000410ec0708?error=true&message=Validation%20failed,%20Please%20check%20and%20fill%20correct%20data!" "Mozilla/5.0 (Windows NT 6.1; rv:46.0) Gecko/20100101 Firefox/46.0"
::1 - - [31/May/2016:09:17:04 +0000] "GET /blog HTTP/1.1" 304 - "http://localhost:8000/blog/edit/574d423d9bff000410ec0708?error=true&message=Validation%20failed,%20Please%20check%20and%20fill%20correct%20data!" "Mozilla/5.0 (Windows NT 6.1; rv:46.0) Gecko/20100101 Firefox/46.0"
::1 - - [31/May/2016:09:17:12 +0000] "GET /about HTTP/1.1" 200 4360 "http://localhost:8000/blog" "Mozilla/5.0 (Windows NT 6.1; rv:46.0) Gecko/20100101 Firefox/46.0"
::1 - - [31/May/2016:09:17:14 +0000] "GET / HTTP/1.1" 304 - "http://localhost:8000/about" "Mozilla/5.0 (Windows NT 6.1; rv:46.0) Gecko/20100101 Firefox/46.0"
::1 - - [31/May/2016:09:17:15 +0000] "GET /about HTTP/1.1" 304 - "http://localhost:8000/" "Mozilla/5.0 (Windows NT 6.1; rv:46.0) Gecko/20100101 Firefox/46.0"
::1 - - [31/May/2016:09:17:16 +0000] "GET /blog HTTP/1.1" 304 - "http://localhost:8000/about" "Mozilla/5.0 (Windows NT 6.1; rv:46.0) Gecko/20100101 Firefox/46.0"
::1 - - [31/May/2016:09:17:17 +0000] "GET /about HTTP/1.1" 304 - "http://localhost:8000/blog" "Mozilla/5.0 (Windows NT 6.1; rv:46.0) Gecko/20100101 Firefox/46.0"
::1 - - [31/May/2016:09:17:17 +0000] "GET / HTTP/1.1" 304 - "http://localhost:8000/about" "Mozilla/5.0 (Windows NT 6.1; rv:46.0) Gecko/20100101 Firefox/46.0"
::1 - - [31/May/2016:09:17:25 +0000] "GET / HTTP/1.1" 304 - "http://localhost:8000/" "Mozilla/5.0 (Windows NT 6.1; rv:46.0) Gecko/20100101 Firefox/46.0"
::1 - - [31/May/2016:09:17:29 +0000] "GET /blog HTTP/1.1" 304 - "http://localhost:8000/" "Mozilla/5.0 (Windows NT 6.1; rv:46.0) Gecko/20100101 Firefox/46.0"
::1 - - [31/May/2016:09:18:15 +0000] "GET /blog HTTP/1.1" 200 9222 "http://localhost:8000/" "Mozilla/5.0 (Windows NT 6.1; rv:46.0) Gecko/20100101 Firefox/46.0"
::1 - - [31/May/2016:09:20:11 +0000] "GET /blog HTTP/1.1" 200 9343 "http://localhost:8000/" "Mozilla/5.0 (Windows NT 6.1; rv:46.0) Gecko/20100101 Firefox/46.0"
::1 - - [31/May/2016:09:20:36 +0000] "GET /blog HTTP/1.1" 200 9332 "http://localhost:8000/" "Mozilla/5.0 (Windows NT 6.1; rv:46.0) Gecko/20100101 Firefox/46.0"
::1 - - [31/May/2016:09:21:01 +0000] "GET /blog HTTP/1.1" 200 9332 "http://localhost:8000/" "Mozilla/5.0 (Windows NT 6.1; rv:46.0) Gecko/20100101 Firefox/46.0"
::1 - - [31/May/2016:09:21:06 +0000] "GET /blog/add HTTP/1.1" 200 6582 "http://localhost:8000/blog" "Mozilla/5.0 (Windows NT 6.1; rv:46.0) Gecko/20100101 Firefox/46.0"
::1 - - [31/May/2016:09:21:31 +0000] "GET / HTTP/1.1" 304 - "http://localhost:8000/blog" "Mozilla/5.0 (Windows NT 6.1; rv:46.0) Gecko/20100101 Firefox/46.0"
::1 - - [31/May/2016:09:40:11 +0000] "GET / HTTP/1.1" 200 4532 "http://localhost:8000/blog" "Mozilla/5.0 (Windows NT 6.1; rv:46.0) Gecko/20100101 Firefox/46.0"
::1 - - [31/May/2016:09:40:18 +0000] "GET / HTTP/1.1" 304 - "http://localhost:8000/blog" "Mozilla/5.0 (Windows NT 6.1; rv:46.0) Gecko/20100101 Firefox/46.0"
::1 - - [31/May/2016:09:40:20 +0000] "GET / HTTP/1.1" 304 - "http://localhost:8000/" "Mozilla/5.0 (Windows NT 6.1; rv:46.0) Gecko/20100101 Firefox/46.0"
::1 - - [31/May/2016:09:40:44 +0000] "GET / HTTP/1.1" 200 4556 "http://localhost:8000/" "Mozilla/5.0 (Windows NT 6.1; rv:46.0) Gecko/20100101 Firefox/46.0"
::1 - - [31/May/2016:09:40:47 +0000] "GET /about HTTP/1.1" 200 4354 "http://localhost:8000/" "Mozilla/5.0 (Windows NT 6.1; rv:46.0) Gecko/20100101 Firefox/46.0"
::1 - - [31/May/2016:09:40:49 +0000] "GET /blog HTTP/1.1" 304 - "http://localhost:8000/about" "Mozilla/5.0 (Windows NT 6.1; rv:46.0) Gecko/20100101 Firefox/46.0"
::1 - - [31/May/2016:09:40:54 +0000] "GET /about HTTP/1.1" 304 - "http://localhost:8000/blog" "Mozilla/5.0 (Windows NT 6.1; rv:46.0) Gecko/20100101 Firefox/46.0"
::1 - - [31/May/2016:09:40:55 +0000] "GET / HTTP/1.1" 304 - "http://localhost:8000/about" "Mozilla/5.0 (Windows NT 6.1; rv:46.0) Gecko/20100101 Firefox/46.0"
